<?xml version="1.0" encoding="UTF-8"?>
<testsuite xmlns:xsi="http://www.w3.org/2001/XMLSchema-instance" xsi:noNamespaceSchemaLocation="https://maven.apache.org/surefire/maven-surefire-plugin/xsd/surefire-test-report-3.0.xsd" version="3.0" name="ac.il.bgu.qa.TestLibrary" time="2.402" tests="57" errors="1" skipped="0" failures="3">
  <properties>
    <property name="java.specification.version" value="17"/>
    <property name="sun.cpu.isalist" value="amd64"/>
    <property name="sun.jnu.encoding" value="Cp1252"/>
    <property name="java.class.path" value="C:\Users\Chen\IdeaProjects\qaAss1\target\test-classes;C:\Users\Chen\IdeaProjects\qaAss1\target\classes;C:\Users\Chen\.m2\repository\org\mockito\mockito-core\5.8.0\mockito-core-5.8.0.jar;C:\Users\Chen\.m2\repository\net\bytebuddy\byte-buddy\1.14.10\byte-buddy-1.14.10.jar;C:\Users\Chen\.m2\repository\net\bytebuddy\byte-buddy-agent\1.14.10\byte-buddy-agent-1.14.10.jar;C:\Users\Chen\.m2\repository\org\objenesis\objenesis\3.3\objenesis-3.3.jar;C:\Users\Chen\.m2\repository\org\junit\jupiter\junit-jupiter\5.10.1\junit-jupiter-5.10.1.jar;C:\Users\Chen\.m2\repository\org\junit\jupiter\junit-jupiter-api\5.10.1\junit-jupiter-api-5.10.1.jar;C:\Users\Chen\.m2\repository\org\opentest4j\opentest4j\1.3.0\opentest4j-1.3.0.jar;C:\Users\Chen\.m2\repository\org\junit\platform\junit-platform-commons\1.10.1\junit-platform-commons-1.10.1.jar;C:\Users\Chen\.m2\repository\org\apiguardian\apiguardian-api\1.1.2\apiguardian-api-1.1.2.jar;C:\Users\Chen\.m2\repository\org\junit\jupiter\junit-jupiter-params\5.10.1\junit-jupiter-params-5.10.1.jar;C:\Users\Chen\.m2\repository\org\junit\jupiter\junit-jupiter-engine\5.10.1\junit-jupiter-engine-5.10.1.jar;C:\Users\Chen\.m2\repository\org\junit\platform\junit-platform-engine\1.10.1\junit-platform-engine-1.10.1.jar;"/>
    <property name="java.vm.vendor" value="GraalVM Community"/>
    <property name="sun.arch.data.model" value="64"/>
    <property name="user.variant" value=""/>
    <property name="java.vendor.url" value="https://www.graalvm.org/"/>
    <property name="user.timezone" value="Asia/Jerusalem"/>
    <property name="user.country.format" value="IL"/>
    <property name="os.name" value="Windows 10"/>
    <property name="java.vm.specification.version" value="17"/>
    <property name="sun.java.launcher" value="SUN_STANDARD"/>
    <property name="user.country" value="GB"/>
    <property name="sun.boot.library.path" value="C:\Users\Chen\.jdks\graalvm-jdk-17.0.9\bin"/>
    <property name="sun.java.command" value="C:\Users\Chen\AppData\Local\Temp\surefire16486391044281905964\surefirebooter-20240121195418254_3.jar C:\Users\Chen\AppData\Local\Temp\surefire16486391044281905964 2024-01-21T19-54-17_776-jvmRun1 surefire-20240121195418254_1tmp surefire_0-20240121195418254_2tmp"/>
    <property name="jdk.debug" value="release"/>
    <property name="surefire.test.class.path" value="C:\Users\Chen\IdeaProjects\qaAss1\target\test-classes;C:\Users\Chen\IdeaProjects\qaAss1\target\classes;C:\Users\Chen\.m2\repository\org\mockito\mockito-core\5.8.0\mockito-core-5.8.0.jar;C:\Users\Chen\.m2\repository\net\bytebuddy\byte-buddy\1.14.10\byte-buddy-1.14.10.jar;C:\Users\Chen\.m2\repository\net\bytebuddy\byte-buddy-agent\1.14.10\byte-buddy-agent-1.14.10.jar;C:\Users\Chen\.m2\repository\org\objenesis\objenesis\3.3\objenesis-3.3.jar;C:\Users\Chen\.m2\repository\org\junit\jupiter\junit-jupiter\5.10.1\junit-jupiter-5.10.1.jar;C:\Users\Chen\.m2\repository\org\junit\jupiter\junit-jupiter-api\5.10.1\junit-jupiter-api-5.10.1.jar;C:\Users\Chen\.m2\repository\org\opentest4j\opentest4j\1.3.0\opentest4j-1.3.0.jar;C:\Users\Chen\.m2\repository\org\junit\platform\junit-platform-commons\1.10.1\junit-platform-commons-1.10.1.jar;C:\Users\Chen\.m2\repository\org\apiguardian\apiguardian-api\1.1.2\apiguardian-api-1.1.2.jar;C:\Users\Chen\.m2\repository\org\junit\jupiter\junit-jupiter-params\5.10.1\junit-jupiter-params-5.10.1.jar;C:\Users\Chen\.m2\repository\org\junit\jupiter\junit-jupiter-engine\5.10.1\junit-jupiter-engine-5.10.1.jar;C:\Users\Chen\.m2\repository\org\junit\platform\junit-platform-engine\1.10.1\junit-platform-engine-1.10.1.jar;"/>
    <property name="sun.cpu.endian" value="little"/>
    <property name="user.home" value="C:\Users\Chen"/>
    <property name="user.language" value="en"/>
    <property name="java.specification.vendor" value="Oracle Corporation"/>
    <property name="java.version.date" value="2023-10-17"/>
    <property name="java.home" value="C:\Users\Chen\.jdks\graalvm-jdk-17.0.9"/>
    <property name="file.separator" value="\"/>
    <property name="basedir" value="C:\Users\Chen\IdeaProjects\qaAss1"/>
    <property name="java.vm.compressedOopsMode" value="Zero based"/>
    <property name="jdk.internal.vm.ci.enabled" value="true"/>
    <property name="line.separator" value="&#10;"/>
    <property name="java.vm.specification.vendor" value="Oracle Corporation"/>
    <property name="java.specification.name" value="Java Platform API Specification"/>
    <property name="surefire.real.class.path" value="C:\Users\Chen\AppData\Local\Temp\surefire16486391044281905964\surefirebooter-20240121195418254_3.jar"/>
    <property name="user.script" value=""/>
    <property name="sun.management.compiler" value="HotSpot 64-Bit Tiered Compilers"/>
    <property name="java.runtime.version" value="17.0.9+9-jvmci-23.0-b22"/>
    <property name="user.name" value="Chen"/>
    <property name="path.separator" value=";"/>
    <property name="os.version" value="10.0"/>
    <property name="java.runtime.name" value="OpenJDK Runtime Environment"/>
    <property name="file.encoding" value="Cp1252"/>
    <property name="java.vm.name" value="OpenJDK 64-Bit Server VM"/>
    <property name="java.vendor.version" value="GraalVM CE 17.0.9+9.1"/>
    <property name="localRepository" value="C:\Users\Chen\.m2\repository"/>
    <property name="java.vendor.url.bug" value="https://github.com/oracle/graal/issues"/>
    <property name="java.io.tmpdir" value="C:\Users\Chen\AppData\Local\Temp\"/>
    <property name="idea.version" value="2023.3.2"/>
    <property name="java.version" value="17.0.9"/>
    <property name="user.dir" value="C:\Users\Chen\IdeaProjects\qaAss1"/>
    <property name="os.arch" value="amd64"/>
    <property name="java.vm.specification.name" value="Java Virtual Machine Specification"/>
    <property name="sun.os.patch.level" value=""/>
    <property name="native.encoding" value="Cp1252"/>
    <property name="java.library.path" value="C:\Users\Chen\.jdks\graalvm-jdk-17.0.9\bin;C:\Windows\Sun\Java\bin;C:\Windows\system32;C:\Windows;C:\Windows\system32;C:\Windows;C:\Windows\System32\Wbem;C:\Windows\System32\WindowsPowerShell\v1.0\;C:\Windows\System32\OpenSSH\;C:\Program Files\dotnet\;C:\Program Files (x86)\NVIDIA Corporation\PhysX\Common;C:\Program Files\Calibre2\;C:\Program Files\NVIDIA Corporation\NVIDIA NvDLISR;C:\Program Files\Git\cmd;C:\ProgramData\chocolatey\bin;C:\Users\Chen\anaconda3;C:\Users\Chen\anaconda3\Library\mingw-w64\bin;C:\Users\Chen\anaconda3\Library\usr\bin;C:\Users\Chen\anaconda3\Library\bin;C:\Users\Chen\anaconda3\Scripts;C:\Users\Chen\AppData\Local\Microsoft\WindowsApps;C:\Users\Chen\AppData\Roaming\Amazon;C:\Program Files\JetBrains\PyCharm 2022.1.4\bin;;C:\Users\Chen\.dotnet\tools;C:\Users\Chen\AppData\Local\Programs\Microsoft VS Code\bin;C:\Users\Chen\AppData\Local\GitHubDesktop\bin;C:\Users\Chen\anaconda3;C:\Users\Chen\anaconda3\scripts;;C:\Users\Chen\AppData\Local\JetBrains\IntelliJ IDEA 2023.3.2\bin;;."/>
    <property name="java.vm.info" value="mixed mode, sharing"/>
    <property name="java.vendor" value="GraalVM Community"/>
    <property name="java.vm.version" value="17.0.9+9-jvmci-23.0-b22"/>
    <property name="sun.io.unicode.encoding" value="UnicodeLittle"/>
    <property name="java.class.version" value="61.0"/>
  </properties>
  <testcase name="notifyUserWithBookReviews_whenNoBook_ThenReturnReviewServiceUnavailableException" classname="ac.il.bgu.qa.TestLibrary" time="1.772"/>
  <testcase name="testReturnBook_whenBookIsNull_thenReturn_BookNotFoundException" classname="ac.il.bgu.qa.TestLibrary" time="0.014"/>
  <testcase name="testAddBook_whenTitleIsInvalid_thenThrowError(String)[1]" classname="ac.il.bgu.qa.TestLibrary" time="0.085"/>
  <testcase name="testAddBook_whenTitleIsInvalid_thenThrowError(String)[2]" classname="ac.il.bgu.qa.TestLibrary" time="0.013"/>
  <testcase name="notifyUserWithBookReviews_whenNoBook_ThenReturnReviewServiceUnavailableExceptio" classname="ac.il.bgu.qa.TestLibrary" time="0.016"/>
  <testcase name="testAddBook_whenEverthingWorks_thenNotError" classname="ac.il.bgu.qa.TestLibrary" time="0.043">
    <failure message="Unexpected exception thrown: java.lang.IllegalArgumentException: Invalid ISBN." type="org.opentest4j.AssertionFailedError"><![CDATA[org.opentest4j.AssertionFailedError: Unexpected exception thrown: java.lang.IllegalArgumentException: Invalid ISBN.
	at org.junit.jupiter.api.AssertionFailureBuilder.build(AssertionFailureBuilder.java:152)
	at org.junit.jupiter.api.AssertDoesNotThrow.createAssertionFailedError(AssertDoesNotThrow.java:84)
	at org.junit.jupiter.api.AssertDoesNotThrow.assertDoesNotThrow(AssertDoesNotThrow.java:53)
	at org.junit.jupiter.api.AssertDoesNotThrow.assertDoesNotThrow(AssertDoesNotThrow.java:36)
	at org.junit.jupiter.api.Assertions.assertDoesNotThrow(Assertions.java:3168)
	at ac.il.bgu.qa.TestLibrary.testAddBook_whenEverthingWorks_thenNotError(TestLibrary.java:164)
	at java.base/java.lang.reflect.Method.invoke(Method.java:568)
	at java.base/java.util.ArrayList.forEach(ArrayList.java:1511)
	at java.base/java.util.ArrayList.forEach(ArrayList.java:1511)
Caused by: java.lang.IllegalArgumentException: Invalid ISBN.
	at ac.il.bgu.qa.Library.addBook(Library.java:36)
	at ac.il.bgu.qa.TestLibrary.lambda$testAddBook_whenEverthingWorks_thenNotError$5(TestLibrary.java:164)
	at org.junit.jupiter.api.AssertDoesNotThrow.assertDoesNotThrow(AssertDoesNotThrow.java:49)
	... 6 more
]]></failure>
  </testcase>
  <testcase name="testBorrowBook_whenNoUser_ThenReturnUserNotRegisteredException" classname="ac.il.bgu.qa.TestLibrary" time="0.011">
    <failure message="Unexpected exception type thrown, expected: &lt;ac.il.bgu.qa.errors.UserNotRegisteredException&gt; but was: &lt;ac.il.bgu.qa.errors.BookNotFoundException&gt;" type="org.opentest4j.AssertionFailedError"><![CDATA[org.opentest4j.AssertionFailedError: Unexpected exception type thrown, expected: <ac.il.bgu.qa.errors.UserNotRegisteredException> but was: <ac.il.bgu.qa.errors.BookNotFoundException>
	at org.junit.jupiter.api.AssertionFailureBuilder.build(AssertionFailureBuilder.java:151)
	at org.junit.jupiter.api.AssertThrows.assertThrows(AssertThrows.java:67)
	at org.junit.jupiter.api.AssertThrows.assertThrows(AssertThrows.java:35)
	at org.junit.jupiter.api.Assertions.assertThrows(Assertions.java:3115)
	at ac.il.bgu.qa.TestLibrary.testBorrowBook_whenNoUser_ThenReturnUserNotRegisteredException(TestLibrary.java:369)
	at java.base/java.lang.reflect.Method.invoke(Method.java:568)
	at java.base/java.util.ArrayList.forEach(ArrayList.java:1511)
	at java.base/java.util.ArrayList.forEach(ArrayList.java:1511)
Caused by: ac.il.bgu.qa.errors.BookNotFoundException: Book not found!
	at ac.il.bgu.qa.Library.notifyUserWithBookReviews(Library.java:271)
	at ac.il.bgu.qa.TestLibrary.lambda$testBorrowBook_whenNoUser_ThenReturnUserNotRegisteredException$14(TestLibrary.java:369)
	at org.junit.jupiter.api.AssertThrows.assertThrows(AssertThrows.java:53)
	... 6 more
]]></failure>
  </testcase>
  <testcase name="testAddBook_whenAuthorIsInvalid_thenThrowError(String)[1]" classname="ac.il.bgu.qa.TestLibrary" time="0.008"/>
  <testcase name="testAddBook_whenAuthorIsInvalid_thenThrowError(String)[2]" classname="ac.il.bgu.qa.TestLibrary" time="0.005"/>
  <testcase name="testAddBook_whenAuthorIsInvalid_thenThrowError(String)[3]" classname="ac.il.bgu.qa.TestLibrary" time="0.004"/>
  <testcase name="testAddBook_whenAuthorIsInvalid_thenThrowError(String)[4]" classname="ac.il.bgu.qa.TestLibrary" time="0.003"/>
  <testcase name="testAddBook_whenAuthorIsInvalid_thenThrowError(String)[5]" classname="ac.il.bgu.qa.TestLibrary" time="0.004"/>
  <testcase name="testAddBook_whenAuthorIsInvalid_thenThrowError(String)[6]" classname="ac.il.bgu.qa.TestLibrary" time="0.004"/>
  <testcase name="notifyUserWithBookReviews_whenNoBook_ThenReturnUserNotRegisteredException" classname="ac.il.bgu.qa.TestLibrary" time="0.003"/>
  <testcase name="testBorrowBook_whenBookIsNull_thenReturnBookNotFoundException" classname="ac.il.bgu.qa.TestLibrary" time="0.004"/>
  <testcase name="testAddBook_whenBookIsNull_ThenReturnError" classname="ac.il.bgu.qa.TestLibrary" time="0.005"/>
  <testcase name="notifyUserWithBookReviews_whenNoBook_ThenReturnBookNotFoundException" classname="ac.il.bgu.qa.TestLibrary" time="0.004"/>
  <testcase name="testRegisterUser_whenStringUserIDisInvalid_thenThrowIllegalArgumentException(String)[1]" classname="ac.il.bgu.qa.TestLibrary" time="0.005"/>
  <testcase name="testRegisterUser_whenStringUserIDisInvalid_thenThrowIllegalArgumentException(String)[2]" classname="ac.il.bgu.qa.TestLibrary" time="0.005"/>
  <testcase name="testRegisterUser_whenStringUserIDisInvalid_thenThrowIllegalArgumentException(String)[3]" classname="ac.il.bgu.qa.TestLibrary" time="0.004"/>
  <testcase name="testRegisterUser_whenStringUserIDisInvalid_thenThrowIllegalArgumentException(String)[4]" classname="ac.il.bgu.qa.TestLibrary" time="0.003"/>
  <testcase name="testRegisterUser_whenStringUserIDisInvalid_thenThrowIllegalArgumentException(String)[5]" classname="ac.il.bgu.qa.TestLibrary" time="0.004"/>
  <testcase name="testRegisterUser_whenStringUserIDisInvalid_thenThrowIllegalArgumentException(String)[6]" classname="ac.il.bgu.qa.TestLibrary" time="0.003"/>
  <testcase name="testRegisterUser_whenUserDatabaseServiceIsNull_thenThrowIllegalArgumentException" classname="ac.il.bgu.qa.TestLibrary" time="0.003"/>
  <testcase name="testBorrowBook_whenBorrowIsSuccessful_thenReturnNotError" classname="ac.il.bgu.qa.TestLibrary" time="0.005"/>
  <testcase name="testRegisterUser_whenUserIsNull_thenThrowIllegalArgumentException" classname="ac.il.bgu.qa.TestLibrary" time="0.002"/>
  <testcase name="testRegisterUser_whenUserIsNull_thenThrowIllegalArgumentException(String)[1]" classname="ac.il.bgu.qa.TestLibrary" time="0.002"/>
  <testcase name="testRegisterUser_whenUserIsNull_thenThrowIllegalArgumentException(String)[2]" classname="ac.il.bgu.qa.TestLibrary" time="0.003"/>
  <testcase name="testAddBook_whenGetInvalidISBN_ThenThrowIllegalArgumentException" classname="ac.il.bgu.qa.TestLibrary" time="0.012">
    <error message="&#10;Argument passed to when() is not a mock!&#10;Example of correct stubbing:&#10;    doThrow(new RuntimeException()).when(mock).someMethod();" type="org.mockito.exceptions.misusing.NotAMockException"><![CDATA[org.mockito.exceptions.misusing.NotAMockException: 

Argument passed to when() is not a mock!
Example of correct stubbing:
    doThrow(new RuntimeException()).when(mock).someMethod();
	at ac.il.bgu.qa.TestLibrary.testAddBook_whenGetInvalidISBN_ThenThrowIllegalArgumentException(TestLibrary.java:81)
	at java.base/java.lang.reflect.Method.invoke(Method.java:568)
	at java.base/java.util.ArrayList.forEach(ArrayList.java:1511)
	at java.base/java.util.ArrayList.forEach(ArrayList.java:1511)
]]></error>
  </testcase>
  <testcase name="testBorrowBook_whenGetInvalidISBN_ThenReturnIllegalArgumentException(String)[1]" classname="ac.il.bgu.qa.TestLibrary" time="0.003"/>
  <testcase name="testBorrowBook_whenGetInvalidISBN_ThenReturnIllegalArgumentException(String)[2]" classname="ac.il.bgu.qa.TestLibrary" time="0.002"/>
  <testcase name="testBorrowBook_whenGetInvalidISBN_ThenReturnIllegalArgumentException(String)[3]" classname="ac.il.bgu.qa.TestLibrary" time="0.002"/>
  <testcase name="testBorrowBook_whenGetInvalidISBN_ThenReturnIllegalArgumentException(String)[4]" classname="ac.il.bgu.qa.TestLibrary" time="0.002"/>
  <testcase name="testAddBook_whenBookIsAlreadyInDB_thenThrowIllegalArgumentException" classname="ac.il.bgu.qa.TestLibrary" time="0.003"/>
  <testcase name="testGetBook_whenGetInvalidISBN_ThenThrowIllegalArgumentException(String)[1]" classname="ac.il.bgu.qa.TestLibrary" time="0.002"/>
  <testcase name="testGetBook_whenGetInvalidISBN_ThenThrowIllegalArgumentException(String)[2]" classname="ac.il.bgu.qa.TestLibrary" time="0.002"/>
  <testcase name="testGetBook_whenGetInvalidISBN_ThenThrowIllegalArgumentException(String)[3]" classname="ac.il.bgu.qa.TestLibrary" time="0.002"/>
  <testcase name="testGetBook_whenGetInvalidISBN_ThenThrowIllegalArgumentException(String)[4]" classname="ac.il.bgu.qa.TestLibrary" time="0.002"/>
  <testcase name="testBorrowBook_whenIsBorrowed_ThenReturnBookAlreadyBorrowedException" classname="ac.il.bgu.qa.TestLibrary" time="0.005"/>
  <testcase name="getBookByISBN_whennotifyUserWithBookReviewsIsErr_thenPrintNotificationFailed" classname="ac.il.bgu.qa.TestLibrary" time="0.039"/>
  <testcase name="testReturnBook_whenBookIsNull_ThenThrowBookNotFoundException" classname="ac.il.bgu.qa.TestLibrary" time="0.004">
    <failure message="Unexpected exception type thrown, expected: &lt;java.lang.IllegalArgumentException&gt; but was: &lt;ac.il.bgu.qa.errors.BookNotFoundException&gt;" type="org.opentest4j.AssertionFailedError"><![CDATA[org.opentest4j.AssertionFailedError: Unexpected exception type thrown, expected: <java.lang.IllegalArgumentException> but was: <ac.il.bgu.qa.errors.BookNotFoundException>
	at org.junit.jupiter.api.AssertionFailureBuilder.build(AssertionFailureBuilder.java:151)
	at org.junit.jupiter.api.AssertThrows.assertThrows(AssertThrows.java:67)
	at org.junit.jupiter.api.AssertThrows.assertThrows(AssertThrows.java:35)
	at org.junit.jupiter.api.Assertions.assertThrows(Assertions.java:3115)
	at ac.il.bgu.qa.TestLibrary.testReturnBook_whenBookIsNull_ThenThrowBookNotFoundException(TestLibrary.java:466)
	at java.base/java.lang.reflect.Method.invoke(Method.java:568)
	at java.base/java.util.ArrayList.forEach(ArrayList.java:1511)
	at java.base/java.util.ArrayList.forEach(ArrayList.java:1511)
Caused by: ac.il.bgu.qa.errors.BookNotFoundException: Book not found!
	at ac.il.bgu.qa.Library.returnBook(Library.java:231)
	at ac.il.bgu.qa.TestLibrary.lambda$testReturnBook_whenBookIsNull_ThenThrowBookNotFoundException$20(TestLibrary.java:466)
	at org.junit.jupiter.api.AssertThrows.assertThrows(AssertThrows.java:53)
	... 6 more
]]></failure>
  </testcase>
  <testcase name="testRegisterUser_whenUserIsValid_thenThrowNoError" classname="ac.il.bgu.qa.TestLibrary" time="0.003"/>
  <testcase name="getBookByISBN_whenBookisNull_ThenThrowBookNotFoundException" classname="ac.il.bgu.qa.TestLibrary" time="0.004"/>
  <testcase name="testReturnBook_whenBookIsNotBorrowed_ThenThrowBookNotBorrowedException" classname="ac.il.bgu.qa.TestLibrary" time="0.005"/>
  <testcase name="notifyUserWithBookReviews_whenUserIdWrong_ThenReturnIllegalArgumentException(String)[1]" classname="ac.il.bgu.qa.TestLibrary" time="0.003"/>
  <testcase name="notifyUserWithBookReviews_whenUserIdWrong_ThenReturnIllegalArgumentException(String)[2]" classname="ac.il.bgu.qa.TestLibrary" time="0.002"/>
  <testcase name="notifyUserWithBookReviews_whenUserIdWrong_ThenReturnIllegalArgumentException(String)[3]" classname="ac.il.bgu.qa.TestLibrary" time="0.002"/>
  <testcase name="notifyUserWithBookReviews_whenUserIdWrong_ThenReturnIllegalArgumentException(String)[4]" classname="ac.il.bgu.qa.TestLibrary" time="0.002"/>
  <testcase name="notifyUserWithBookReviews_whenUserIdWrong_ThenReturnIllegalArgumentException(String)[5]" classname="ac.il.bgu.qa.TestLibrary" time="0.002"/>
  <testcase name="notifyUserWithBookReviews_whenUserIdWrong_ThenReturnIllegalArgumentException(String)[6]" classname="ac.il.bgu.qa.TestLibrary" time="0.002"/>
  <testcase name="testBorrowBook_whenStringUserIDisInvalid_thenThrowError(String)[1]" classname="ac.il.bgu.qa.TestLibrary" time="0.002"/>
  <testcase name="testBorrowBook_whenStringUserIDisInvalid_thenThrowError(String)[2]" classname="ac.il.bgu.qa.TestLibrary" time="0.002"/>
  <testcase name="testBorrowBook_whenStringUserIDisInvalid_thenThrowError(String)[3]" classname="ac.il.bgu.qa.TestLibrary" time="0.003"/>
  <testcase name="testBorrowBook_whenStringUserIDisInvalid_thenThrowError(String)[4]" classname="ac.il.bgu.qa.TestLibrary" time="0.001"/>
  <testcase name="testBorrowBook_whenStringUserIDisInvalid_thenThrowError(String)[5]" classname="ac.il.bgu.qa.TestLibrary" time="0.002"/>
  <testcase name="testBorrowBook_whenStringUserIDisInvalid_thenThrowError(String)[6]" classname="ac.il.bgu.qa.TestLibrary" time="0.002"/>
  <testcase name="testReturnBook_whenReturnIsSuccessful_thenReturnNotError" classname="ac.il.bgu.qa.TestLibrary" time="0.003"/>
</testsuite>