<?xml version="1.0" encoding="UTF-8"?>
<testsuite xmlns:xsi="http://www.w3.org/2001/XMLSchema-instance" xsi:noNamespaceSchemaLocation="https://maven.apache.org/surefire/maven-surefire-plugin/xsd/surefire-test-report-3.0.xsd" version="3.0" name="ac.il.bgu.qa.TestLibrary" time="2.402" tests="57" errors="1" skipped="0" failures="3">
  <properties>
[...]
</properties>
  <testcase name="notifyUserWithBookReviews_whenNoBook_ThenReturnReviewServiceUnavailableException" classname="ac.il.bgu.qa.TestLibrary" time="1.772"/>
  <testcase name="testReturnBook_whenBookIsNull_thenReturn_BookNotFoundException" classname="ac.il.bgu.qa.TestLibrary" time="0.014"/>
  <testcase name="testAddBook_whenTitleIsInvalid_thenThrowError(String)[1]" classname="ac.il.bgu.qa.TestLibrary" time="0.085"/>
  <testcase name="testAddBook_whenTitleIsInvalid_thenThrowError(String)[2]" classname="ac.il.bgu.qa.TestLibrary" time="0.013"/>
  <testcase name="notifyUserWithBookReviews_whenNoBook_ThenReturnReviewServiceUnavailableExceptio" classname="ac.il.bgu.qa.TestLibrary" time="0.016"/>
  <testcase name="testAddBook_whenEverthingWorks_thenNotError" classname="ac.il.bgu.qa.TestLibrary" time="0.043">
    <failure message="Unexpected exception thrown: java.lang.IllegalArgumentException: Invalid ISBN." type="org.opentest4j.AssertionFailedError"><![CDATA[org.opentest4j.AssertionFailedError: Unexpected exception thrown: java.lang.IllegalArgumentException: Invalid ISBN.
	at org.junit.jupiter.api.AssertionFailureBuilder.build(AssertionFailureBuilder.java:152)
	at org.junit.jupiter.api.AssertDoesNotThrow.createAssertionFailedError(AssertDoesNotThrow.java:84)
	at org.junit.jupiter.api.AssertDoesNotThrow.assertDoesNotThrow(AssertDoesNotThrow.java:53)
	at org.junit.jupiter.api.AssertDoesNotThrow.assertDoesNotThrow(AssertDoesNotThrow.java:36)
	at org.junit.jupiter.api.Assertions.assertDoesNotThrow(Assertions.java:3168)
	at ac.il.bgu.qa.TestLibrary.testAddBook_whenEverthingWorks_thenNotError(TestLibrary.java:164)
	at java.base/java.lang.reflect.Method.invoke(Method.java:568)
	at java.base/java.util.ArrayList.forEach(ArrayList.java:1511)
	at java.base/java.util.ArrayList.forEach(ArrayList.java:1511)
Caused by: java.lang.IllegalArgumentException: Invalid ISBN.
	at ac.il.bgu.qa.Library.addBook(Library.java:36)
	at ac.il.bgu.qa.TestLibrary.lambda$testAddBook_whenEverthingWorks_thenNotError$5(TestLibrary.java:164)
	at org.junit.jupiter.api.AssertDoesNotThrow.assertDoesNotThrow(AssertDoesNotThrow.java:49)
	... 6 more
]]></failure>
  </testcase>
  <testcase name="testBorrowBook_whenNoUser_ThenReturnUserNotRegisteredException" classname="ac.il.bgu.qa.TestLibrary" time="0.011">
    <failure message="Unexpected exception type thrown, expected: &lt;ac.il.bgu.qa.errors.UserNotRegisteredException&gt; but was: &lt;ac.il.bgu.qa.errors.BookNotFoundException&gt;" type="org.opentest4j.AssertionFailedError"><![CDATA[org.opentest4j.AssertionFailedError: Unexpected exception type thrown, expected: <ac.il.bgu.qa.errors.UserNotRegisteredException> but was: <ac.il.bgu.qa.errors.BookNotFoundException>
	at org.junit.jupiter.api.AssertionFailureBuilder.build(AssertionFailureBuilder.java:151)
	at org.junit.jupiter.api.AssertThrows.assertThrows(AssertThrows.java:67)
	at org.junit.jupiter.api.AssertThrows.assertThrows(AssertThrows.java:35)
	at org.junit.jupiter.api.Assertions.assertThrows(Assertions.java:3115)
	at ac.il.bgu.qa.TestLibrary.testBorrowBook_whenNoUser_ThenReturnUserNotRegisteredException(TestLibrary.java:369)
	at java.base/java.lang.reflect.Method.invoke(Method.java:568)
	at java.base/java.util.ArrayList.forEach(ArrayList.java:1511)
	at java.base/java.util.ArrayList.forEach(ArrayList.java:1511)
Caused by: ac.il.bgu.qa.errors.BookNotFoundException: Book not found!
	at ac.il.bgu.qa.Library.notifyUserWithBookReviews(Library.java:271)
	at ac.il.bgu.qa.TestLibrary.lambda$testBorrowBook_whenNoUser_ThenReturnUserNotRegisteredException$14(TestLibrary.java:369)
	at org.junit.jupiter.api.AssertThrows.assertThrows(AssertThrows.java:53)
	... 6 more
]]></failure>
  </testcase>
  <testcase name="testAddBook_whenAuthorIsInvalid_thenThrowError(String)[1]" classname="ac.il.bgu.qa.TestLibrary" time="0.008"/>
  <testcase name="testAddBook_whenAuthorIsInvalid_thenThrowError(String)[2]" classname="ac.il.bgu.qa.TestLibrary" time="0.005"/>
  <testcase name="testAddBook_whenAuthorIsInvalid_thenThrowError(String)[3]" classname="ac.il.bgu.qa.TestLibrary" time="0.004"/>
  <testcase name="testAddBook_whenAuthorIsInvalid_thenThrowError(String)[4]" classname="ac.il.bgu.qa.TestLibrary" time="0.003"/>
  <testcase name="testAddBook_whenAuthorIsInvalid_thenThrowError(String)[5]" classname="ac.il.bgu.qa.TestLibrary" time="0.004"/>
  <testcase name="testAddBook_whenAuthorIsInvalid_thenThrowError(String)[6]" classname="ac.il.bgu.qa.TestLibrary" time="0.004"/>
  <testcase name="notifyUserWithBookReviews_whenNoBook_ThenReturnUserNotRegisteredException" classname="ac.il.bgu.qa.TestLibrary" time="0.003"/>
  <testcase name="testBorrowBook_whenBookIsNull_thenReturnBookNotFoundException" classname="ac.il.bgu.qa.TestLibrary" time="0.004"/>
  <testcase name="testAddBook_whenBookIsNull_ThenReturnError" classname="ac.il.bgu.qa.TestLibrary" time="0.005"/>
  <testcase name="notifyUserWithBookReviews_whenNoBook_ThenReturnBookNotFoundException" classname="ac.il.bgu.qa.TestLibrary" time="0.004"/>
  <testcase name="testRegisterUser_whenStringUserIDisInvalid_thenThrowIllegalArgumentException(String)[1]" classname="ac.il.bgu.qa.TestLibrary" time="0.005"/>
  <testcase name="testRegisterUser_whenStringUserIDisInvalid_thenThrowIllegalArgumentException(String)[2]" classname="ac.il.bgu.qa.TestLibrary" time="0.005"/>
  <testcase name="testRegisterUser_whenStringUserIDisInvalid_thenThrowIllegalArgumentException(String)[3]" classname="ac.il.bgu.qa.TestLibrary" time="0.004"/>
  <testcase name="testRegisterUser_whenStringUserIDisInvalid_thenThrowIllegalArgumentException(String)[4]" classname="ac.il.bgu.qa.TestLibrary" time="0.003"/>
  <testcase name="testRegisterUser_whenStringUserIDisInvalid_thenThrowIllegalArgumentException(String)[5]" classname="ac.il.bgu.qa.TestLibrary" time="0.004"/>
  <testcase name="testRegisterUser_whenStringUserIDisInvalid_thenThrowIllegalArgumentException(String)[6]" classname="ac.il.bgu.qa.TestLibrary" time="0.003"/>
  <testcase name="testRegisterUser_whenUserDatabaseServiceIsNull_thenThrowIllegalArgumentException" classname="ac.il.bgu.qa.TestLibrary" time="0.003"/>
  <testcase name="testBorrowBook_whenBorrowIsSuccessful_thenReturnNotError" classname="ac.il.bgu.qa.TestLibrary" time="0.005"/>
  <testcase name="testRegisterUser_whenUserIsNull_thenThrowIllegalArgumentException" classname="ac.il.bgu.qa.TestLibrary" time="0.002"/>
  <testcase name="testRegisterUser_whenUserIsNull_thenThrowIllegalArgumentException(String)[1]" classname="ac.il.bgu.qa.TestLibrary" time="0.002"/>
  <testcase name="testRegisterUser_whenUserIsNull_thenThrowIllegalArgumentException(String)[2]" classname="ac.il.bgu.qa.TestLibrary" time="0.003"/>
  <testcase name="testAddBook_whenGetInvalidISBN_ThenThrowIllegalArgumentException" classname="ac.il.bgu.qa.TestLibrary" time="0.012">
    <error message="&#10;Argument passed to when() is not a mock!&#10;Example of correct stubbing:&#10;    doThrow(new RuntimeException()).when(mock).someMethod();" type="org.mockito.exceptions.misusing.NotAMockException"><![CDATA[org.mockito.exceptions.misusing.NotAMockException: 

Argument passed to when() is not a mock!
Example of correct stubbing:
    doThrow(new RuntimeException()).when(mock).someMethod();
	at ac.il.bgu.qa.TestLibrary.testAddBook_whenGetInvalidISBN_ThenThrowIllegalArgumentException(TestLibrary.java:81)
	at java.base/java.lang.reflect.Method.invoke(Method.java:568)
	at java.base/java.util.ArrayList.forEach(ArrayList.java:1511)
	at java.base/java.util.ArrayList.forEach(ArrayList.java:1511)
]]></error>
  </testcase>
  <testcase name="testBorrowBook_whenGetInvalidISBN_ThenReturnIllegalArgumentException(String)[1]" classname="ac.il.bgu.qa.TestLibrary" time="0.003"/>
  <testcase name="testBorrowBook_whenGetInvalidISBN_ThenReturnIllegalArgumentException(String)[2]" classname="ac.il.bgu.qa.TestLibrary" time="0.002"/>
  <testcase name="testBorrowBook_whenGetInvalidISBN_ThenReturnIllegalArgumentException(String)[3]" classname="ac.il.bgu.qa.TestLibrary" time="0.002"/>
  <testcase name="testBorrowBook_whenGetInvalidISBN_ThenReturnIllegalArgumentException(String)[4]" classname="ac.il.bgu.qa.TestLibrary" time="0.002"/>
  <testcase name="testAddBook_whenBookIsAlreadyInDB_thenThrowIllegalArgumentException" classname="ac.il.bgu.qa.TestLibrary" time="0.003"/>
  <testcase name="testGetBook_whenGetInvalidISBN_ThenThrowIllegalArgumentException(String)[1]" classname="ac.il.bgu.qa.TestLibrary" time="0.002"/>
  <testcase name="testGetBook_whenGetInvalidISBN_ThenThrowIllegalArgumentException(String)[2]" classname="ac.il.bgu.qa.TestLibrary" time="0.002"/>
  <testcase name="testGetBook_whenGetInvalidISBN_ThenThrowIllegalArgumentException(String)[3]" classname="ac.il.bgu.qa.TestLibrary" time="0.002"/>
  <testcase name="testGetBook_whenGetInvalidISBN_ThenThrowIllegalArgumentException(String)[4]" classname="ac.il.bgu.qa.TestLibrary" time="0.002"/>
  <testcase name="testBorrowBook_whenIsBorrowed_ThenReturnBookAlreadyBorrowedException" classname="ac.il.bgu.qa.TestLibrary" time="0.005"/>
  <testcase name="getBookByISBN_whennotifyUserWithBookReviewsIsErr_thenPrintNotificationFailed" classname="ac.il.bgu.qa.TestLibrary" time="0.039"/>
  <testcase name="testReturnBook_whenBookIsNull_ThenThrowBookNotFoundException" classname="ac.il.bgu.qa.TestLibrary" time="0.004">
    <failure message="Unexpected exception type thrown, expected: &lt;java.lang.IllegalArgumentException&gt; but was: &lt;ac.il.bgu.qa.errors.BookNotFoundException&gt;" type="org.opentest4j.AssertionFailedError"><![CDATA[org.opentest4j.AssertionFailedError: Unexpected exception type thrown, expected: <java.lang.IllegalArgumentException> but was: <ac.il.bgu.qa.errors.BookNotFoundException>
	at org.junit.jupiter.api.AssertionFailureBuilder.build(AssertionFailureBuilder.java:151)
	at org.junit.jupiter.api.AssertThrows.assertThrows(AssertThrows.java:67)
	at org.junit.jupiter.api.AssertThrows.assertThrows(AssertThrows.java:35)
	at org.junit.jupiter.api.Assertions.assertThrows(Assertions.java:3115)
	at ac.il.bgu.qa.TestLibrary.testReturnBook_whenBookIsNull_ThenThrowBookNotFoundException(TestLibrary.java:466)
	at java.base/java.lang.reflect.Method.invoke(Method.java:568)
	at java.base/java.util.ArrayList.forEach(ArrayList.java:1511)
	at java.base/java.util.ArrayList.forEach(ArrayList.java:1511)
Caused by: ac.il.bgu.qa.errors.BookNotFoundException: Book not found!
	at ac.il.bgu.qa.Library.returnBook(Library.java:231)
	at ac.il.bgu.qa.TestLibrary.lambda$testReturnBook_whenBookIsNull_ThenThrowBookNotFoundException$20(TestLibrary.java:466)
	at org.junit.jupiter.api.AssertThrows.assertThrows(AssertThrows.java:53)
	... 6 more
]]></failure>
  </testcase>
  <testcase name="testRegisterUser_whenUserIsValid_thenThrowNoError" classname="ac.il.bgu.qa.TestLibrary" time="0.003"/>
  <testcase name="getBookByISBN_whenBookisNull_ThenThrowBookNotFoundException" classname="ac.il.bgu.qa.TestLibrary" time="0.004"/>
  <testcase name="testReturnBook_whenBookIsNotBorrowed_ThenThrowBookNotBorrowedException" classname="ac.il.bgu.qa.TestLibrary" time="0.005"/>
  <testcase name="notifyUserWithBookReviews_whenUserIdWrong_ThenReturnIllegalArgumentException(String)[1]" classname="ac.il.bgu.qa.TestLibrary" time="0.003"/>
  <testcase name="notifyUserWithBookReviews_whenUserIdWrong_ThenReturnIllegalArgumentException(String)[2]" classname="ac.il.bgu.qa.TestLibrary" time="0.002"/>
  <testcase name="notifyUserWithBookReviews_whenUserIdWrong_ThenReturnIllegalArgumentException(String)[3]" classname="ac.il.bgu.qa.TestLibrary" time="0.002"/>
  <testcase name="notifyUserWithBookReviews_whenUserIdWrong_ThenReturnIllegalArgumentException(String)[4]" classname="ac.il.bgu.qa.TestLibrary" time="0.002"/>
  <testcase name="notifyUserWithBookReviews_whenUserIdWrong_ThenReturnIllegalArgumentException(String)[5]" classname="ac.il.bgu.qa.TestLibrary" time="0.002"/>
  <testcase name="notifyUserWithBookReviews_whenUserIdWrong_ThenReturnIllegalArgumentException(String)[6]" classname="ac.il.bgu.qa.TestLibrary" time="0.002"/>
  <testcase name="testBorrowBook_whenStringUserIDisInvalid_thenThrowError(String)[1]" classname="ac.il.bgu.qa.TestLibrary" time="0.002"/>
  <testcase name="testBorrowBook_whenStringUserIDisInvalid_thenThrowError(String)[2]" classname="ac.il.bgu.qa.TestLibrary" time="0.002"/>
  <testcase name="testBorrowBook_whenStringUserIDisInvalid_thenThrowError(String)[3]" classname="ac.il.bgu.qa.TestLibrary" time="0.003"/>
  <testcase name="testBorrowBook_whenStringUserIDisInvalid_thenThrowError(String)[4]" classname="ac.il.bgu.qa.TestLibrary" time="0.001"/>
  <testcase name="testBorrowBook_whenStringUserIDisInvalid_thenThrowError(String)[5]" classname="ac.il.bgu.qa.TestLibrary" time="0.002"/>
  <testcase name="testBorrowBook_whenStringUserIDisInvalid_thenThrowError(String)[6]" classname="ac.il.bgu.qa.TestLibrary" time="0.002"/>
  <testcase name="testReturnBook_whenReturnIsSuccessful_thenReturnNotError" classname="ac.il.bgu.qa.TestLibrary" time="0.003"/>
</testsuite>